<?xml version="1.0" encoding="UTF-8"?>
<!-- Generated by org.testng.reporters.JUnitXMLReporter -->
<testsuite ignored="0" hostname="LAPTOP-K8J9AS79" failures="0" tests="4" name="Default test" time="15.81" errors="0" timestamp="2024-03-21T15:39:14 IST">
  <testcase classname="api.testcases.UserTest2" name="testCreateUser" time="5.224"/>
  <testcase classname="api.testcases.UserTest2" name="testGetUserData" time="2.634"/>
  <testcase classname="api.testcases.UserTest2" name="testUpdateUser" time="4.494"/>
  <testcase classname="api.testcases.UserTest2" name="testDeleteUser" time="2.658"/>
</testsuite> <!-- Default test -->
