<?xml version="1.0" encoding="UTF-8"?>
<!-- Generated by org.testng.reporters.JUnitXMLReporter -->
<testsuite ignored="0" hostname="LAPTOP-K8J9AS79" failures="0" tests="4" name="Test" time="15.469" errors="0" timestamp="2024-03-21T15:44:33 IST">
  <testcase classname="api.testcases.UserTest" name="testCreateUser" time="4.368"/>
  <testcase classname="api.testcases.UserTest" name="testGetUserData" time="3.113"/>
  <testcase classname="api.testcases.UserTest" name="testUpdateUser" time="4.66"/>
  <testcase classname="api.testcases.UserTest" name="testDeleteUser" time="2.247"/>
</testsuite> <!-- Test -->
