<?xml version="1.0" encoding="UTF-8"?>
<testng-results ignored="0" total="4" passed="4" failed="0" skipped="0">
  <reporter-output>
  </reporter-output>
  <suite started-at="2024-03-21T15:38:58 IST" name="Default suite" finished-at="2024-03-21T15:39:14 IST" duration-ms="15810">
    <groups>
    </groups>
    <test started-at="2024-03-21T15:38:58 IST" name="Default test" finished-at="2024-03-21T15:39:14 IST" duration-ms="15810">
      <class name="api.testcases.UserTest2">
        <test-method is-config="true" signature="generateTestData()[pri:0, instance:api.testcases.UserTest2@710c2b53]" started-at="2024-03-21T15:38:58 IST" name="generateTestData" finished-at="2024-03-21T15:38:58 IST" duration-ms="728" status="PASS">
          <reporter-output>
          </reporter-output>
        </test-method> <!-- generateTestData -->
        <test-method signature="testCreateUser()[pri:1, instance:api.testcases.UserTest2@710c2b53]" started-at="2024-03-21T15:38:58 IST" name="testCreateUser" finished-at="2024-03-21T15:39:04 IST" duration-ms="5224" status="PASS">
          <reporter-output>
          </reporter-output>
        </test-method> <!-- testCreateUser -->
        <test-method signature="testGetUserData()[pri:2, instance:api.testcases.UserTest2@710c2b53]" started-at="2024-03-21T15:39:04 IST" name="testGetUserData" finished-at="2024-03-21T15:39:06 IST" duration-ms="2634" status="PASS">
          <reporter-output>
          </reporter-output>
        </test-method> <!-- testGetUserData -->
        <test-method signature="testUpdateUser()[pri:3, instance:api.testcases.UserTest2@710c2b53]" started-at="2024-03-21T15:39:06 IST" name="testUpdateUser" finished-at="2024-03-21T15:39:11 IST" duration-ms="4494" status="PASS">
          <reporter-output>
          </reporter-output>
        </test-method> <!-- testUpdateUser -->
        <test-method signature="testDeleteUser()[pri:4, instance:api.testcases.UserTest2@710c2b53]" started-at="2024-03-21T15:39:11 IST" name="testDeleteUser" finished-at="2024-03-21T15:39:14 IST" duration-ms="2658" status="PASS">
          <reporter-output>
          </reporter-output>
        </test-method> <!-- testDeleteUser -->
      </class> <!-- api.testcases.UserTest2 -->
    </test> <!-- Default test -->
  </suite> <!-- Default suite -->
</testng-results>
